<?xml version="1.0" encoding="UTF-8"?>
<testng-results skipped="0" failed="0" ignored="0" total="3" passed="3">
  <reporter-output>
  </reporter-output>
  <suite name="nEXCITIZEN" duration-ms="45800" started-at="2019-12-04T11:12:23Z" finished-at="2019-12-04T11:13:09Z">
    <groups>
    </groups>
    <test name="nEXCITIZEN_TestCase1" duration-ms="45800" started-at="2019-12-04T11:12:23Z" finished-at="2019-12-04T11:13:09Z">
      <class name="com.TestCase.RegistrationandLoginTestCase_Folder.Login_TestCase">
        <test-method status="PASS" signature="Url_login()[pri:0, instance:com.TestCase.RegistrationandLoginTestCase_Folder.Login_TestCase@5700d6b1]" name="Url_login" is-config="true" duration-ms="23580" started-at="2019-12-04T11:12:23Z" finished-at="2019-12-04T11:12:47Z">
          <reporter-output>
          </reporter-output>
        </test-method> <!-- Url_login -->
        <test-method status="PASS" signature="Without_Username()[pri:1, instance:com.TestCase.RegistrationandLoginTestCase_Folder.Login_TestCase@5700d6b1]" name="Without_Username" duration-ms="7260" started-at="2019-12-04T11:12:47Z" finished-at="2019-12-04T11:12:54Z">
          <reporter-output>
          </reporter-output>
        </test-method> <!-- Without_Username -->
        <test-method status="PASS" signature="Without_Password()[pri:2, instance:com.TestCase.RegistrationandLoginTestCase_Folder.Login_TestCase@5700d6b1]" name="Without_Password" duration-ms="7732" started-at="2019-12-04T11:12:54Z" finished-at="2019-12-04T11:13:02Z">
          <reporter-output>
          </reporter-output>
        </test-method> <!-- Without_Password -->
        <test-method status="PASS" signature="Orginal_user_pass()[pri:3, instance:com.TestCase.RegistrationandLoginTestCase_Folder.Login_TestCase@5700d6b1]" name="Orginal_user_pass" duration-ms="7190" started-at="2019-12-04T11:13:02Z" finished-at="2019-12-04T11:13:09Z">
          <reporter-output>
          </reporter-output>
        </test-method> <!-- Orginal_user_pass -->
      </class> <!-- com.TestCase.RegistrationandLoginTestCase_Folder.Login_TestCase -->
    </test> <!-- nEXCITIZEN_TestCase1 -->
  </suite> <!-- nEXCITIZEN -->
</testng-results>
