<?xml version="1.0" encoding="UTF-8"?>
<!-- Generated by org.testng.reporters.JUnitXMLReporter -->
<testsuite hostname="DESKTOP-E7S6MJ8" ignored="0" name="nEXCITIZEN_TestCase1" tests="3" failures="0" timestamp="09 Dec 2019 07:21:08 GMT" time="54.449" errors="0">
  <testcase name="Without_Username" time="7.553" classname="com.TestCase.RegistrationandLoginTestCase_Folder.Login_TestCase"/>
  <testcase name="Without_Password" time="7.88" classname="com.TestCase.RegistrationandLoginTestCase_Folder.Login_TestCase"/>
  <testcase name="Orginal_user_pass" time="7.202" classname="com.TestCase.RegistrationandLoginTestCase_Folder.Login_TestCase"/>
</testsuite> <!-- nEXCITIZEN_TestCase1 -->
