<?xml version="1.0" encoding="UTF-8"?>
<testng-results skipped="0" failed="0" ignored="0" total="3" passed="3">
  <reporter-output>
  </reporter-output>
  <suite name="nEXCITIZEN" duration-ms="54449" started-at="2019-12-09T07:20:13Z" finished-at="2019-12-09T07:21:08Z">
    <groups>
    </groups>
    <test name="nEXCITIZEN_TestCase1" duration-ms="54449" started-at="2019-12-09T07:20:13Z" finished-at="2019-12-09T07:21:08Z">
      <class name="com.TestCase.RegistrationandLoginTestCase_Folder.Login_TestCase">
        <test-method status="PASS" signature="Url_login()[pri:0, instance:com.TestCase.RegistrationandLoginTestCase_Folder.Login_TestCase@4fe3c938]" name="Url_login" is-config="true" duration-ms="31798" started-at="2019-12-09T07:20:13Z" finished-at="2019-12-09T07:20:45Z">
          <reporter-output>
          </reporter-output>
        </test-method> <!-- Url_login -->
        <test-method status="PASS" signature="Without_Username()[pri:1, instance:com.TestCase.RegistrationandLoginTestCase_Folder.Login_TestCase@4fe3c938]" name="Without_Username" duration-ms="7553" started-at="2019-12-09T07:20:45Z" finished-at="2019-12-09T07:20:53Z">
          <reporter-output>
          </reporter-output>
        </test-method> <!-- Without_Username -->
        <test-method status="PASS" signature="Without_Password()[pri:2, instance:com.TestCase.RegistrationandLoginTestCase_Folder.Login_TestCase@4fe3c938]" name="Without_Password" duration-ms="7880" started-at="2019-12-09T07:20:53Z" finished-at="2019-12-09T07:21:00Z">
          <reporter-output>
          </reporter-output>
        </test-method> <!-- Without_Password -->
        <test-method status="PASS" signature="Orginal_user_pass()[pri:3, instance:com.TestCase.RegistrationandLoginTestCase_Folder.Login_TestCase@4fe3c938]" name="Orginal_user_pass" duration-ms="7202" started-at="2019-12-09T07:21:00Z" finished-at="2019-12-09T07:21:08Z">
          <reporter-output>
          </reporter-output>
        </test-method> <!-- Orginal_user_pass -->
      </class> <!-- com.TestCase.RegistrationandLoginTestCase_Folder.Login_TestCase -->
    </test> <!-- nEXCITIZEN_TestCase1 -->
  </suite> <!-- nEXCITIZEN -->
</testng-results>
